----------

Thu Jan 06 2022 14:13:20 GMT+0700 (Indochina Time)

warning: LF will be replaced by CRLF in DO/[]create.html.
The file will have its original line endings in your working directory


----------

Thu Jan 06 2022 14:13:20 GMT+0700 (Indochina Time)

warning: LF will be replaced by CRLF in DO/create.html.
The file will have its original line endings in your working directory


----------

Thu Jan 06 2022 14:13:20 GMT+0700 (Indochina Time)

warning: LF will be replaced by CRLF in DO/index.html.
The file will have its original line endings in your working directory


----------

Thu Jan 06 2022 14:13:20 GMT+0700 (Indochina Time)

warning: LF will be replaced by CRLF in DO/temp/index.html.
The file will have its original line endings in your working directory


----------

Thu Jan 06 2022 14:13:20 GMT+0700 (Indochina Time)

warning: LF will be replaced by CRLF in DO/temp/katalog-detail.html.
The file will have its original line endings in your working directory


----------

Thu Jan 06 2022 14:13:20 GMT+0700 (Indochina Time)

warning: LF will be replaced by CRLF in SO/create.html.
The file will have its original line endings in your working directory


----------

Thu Jan 06 2022 14:13:20 GMT+0700 (Indochina Time)

warning: LF will be replaced by CRLF in SO/index.html.
The file will have its original line endings in your working directory


----------

Thu Jan 06 2022 14:13:20 GMT+0700 (Indochina Time)

warning: LF will be replaced by CRLF in assets/bootstrap/css/bootstrap.min.css.
The file will have its original line endings in your working directory


----------

Thu Jan 06 2022 14:13:20 GMT+0700 (Indochina Time)

warning: LF will be replaced by CRLF in assets/bootstrap/js/bootstrap.min.js.
The file will have its original line endings in your working directory


----------

Thu Jan 06 2022 14:13:20 GMT+0700 (Indochina Time)

warning: LF will be replaced by CRLF in assets/img/browse.svg.
The file will have its original line endings in your working directory


----------

Thu Jan 06 2022 14:13:20 GMT+0700 (Indochina Time)

warning: LF will be replaced by CRLF in assets/js/script.min.js.
The file will have its original line endings in your working directory


----------

Thu Jan 06 2022 14:13:20 GMT+0700 (Indochina Time)

warning: LF will be replaced by CRLF in assets/scss/app.scss.
The file will have its original line endings in your working directory


----------

Thu Jan 06 2022 14:13:20 GMT+0700 (Indochina Time)

warning: LF will be replaced by CRLF in index.html.
The file will have its original line endings in your working directory


----------

Thu Jan 06 2022 14:13:20 GMT+0700 (Indochina Time)

warning: LF will be replaced by CRLF in invoice/create.html.
The file will have its original line endings in your working directory


----------

Thu Jan 06 2022 14:13:20 GMT+0700 (Indochina Time)

warning: LF will be replaced by CRLF in invoice/index.html.
The file will have its original line endings in your working directory


----------

Thu Jan 06 2022 14:13:20 GMT+0700 (Indochina Time)

warning: LF will be replaced by CRLF in payout/create.html.
The file will have its original line endings in your working directory


----------

Thu Jan 06 2022 14:13:20 GMT+0700 (Indochina Time)

warning: LF will be replaced by CRLF in payout/createEtc.html.
The file will have its original line endings in your working directory


----------

Thu Jan 06 2022 14:13:20 GMT+0700 (Indochina Time)

warning: LF will be replaced by CRLF in payout/index.html.
The file will have its original line endings in your working directory


----------

Thu Jan 06 2022 14:13:23 GMT+0700 (Indochina Time)

To https://github.com/BASIL-ID/basil-id.github.io.git
   34d3cfb..d20a3fe  master -> master


